<?xml version="1.0" encoding="UTF-8"?>
<testsuites name="Mocha Tests" time="0.0000" tests="1" failures="1">
  <testsuite name="Root Suite" timestamp="2022-10-17T13:57:23" tests="0" file="cypress/google.spec.cy.js" time="0.0000" failures="0">
  </testsuite>
  <testsuite name="Google" timestamp="2022-10-17T13:57:23" tests="1" time="0.0000" failures="1">
    <testcase name="Google Search for university webpage and check university logo is present" time="0.0000" classname="Search for university webpage and check university logo is present">
      <failure message="`cy.visit()` failed trying to load:

https://canterbury.ac.uk/%7Benter%7D/

The response we received from your web server was:

  &gt; 404: Not Found

This was considered a failure because the status code was not `2xx`.

This http request was redirected &apos;2&apos; times to:

  - 302: https://www.canterbury.ac.uk/%7Benter%7D/
  - 302: https://www.canterbury.ac.uk/%7Benter%7D

If you do not want status codes to cause failures pass the option: `failOnStatusCode: false`" type="CypressError"><![CDATA[CypressError: `cy.visit()` failed trying to load:

https://canterbury.ac.uk/%7Benter%7D/

The response we received from your web server was:

  > 404: Not Found

This was considered a failure because the status code was not `2xx`.

This http request was redirected '2' times to:

  - 302: https://www.canterbury.ac.uk/%7Benter%7D/
  - 302: https://www.canterbury.ac.uk/%7Benter%7D

If you do not want status codes to cause failures pass the option: `failOnStatusCode: false`
    at <unknown> (https://www.google.co.uk/__cypress/runner/cypress_runner.js:142199:84)
    at visitFailedByErr (https://www.google.co.uk/__cypress/runner/cypress_runner.js:141504:12)
    at <unknown> (https://www.google.co.uk/__cypress/runner/cypress_runner.js:142179:13)
    at tryCatcher (https://www.google.co.uk/__cypress/runner/cypress_runner.js:11318:23)
    at Promise._settlePromiseFromHandler (https://www.google.co.uk/__cypress/runner/cypress_runner.js:9253:31)
    at Promise._settlePromise (https://www.google.co.uk/__cypress/runner/cypress_runner.js:9310:18)
    at Promise._settlePromise0 (https://www.google.co.uk/__cypress/runner/cypress_runner.js:9355:10)
    at Promise._settlePromises (https://www.google.co.uk/__cypress/runner/cypress_runner.js:9431:18)
    at _drainQueueStep (https://www.google.co.uk/__cypress/runner/cypress_runner.js:6025:12)
    at _drainQueue (https://www.google.co.uk/__cypress/runner/cypress_runner.js:6018:9)
    at ../../node_modules/bluebird/js/release/async.js.Async._drainQueues (https://www.google.co.uk/__cypress/runner/cypress_runner.js:6034:5)
    at Async.drainQueues (https://www.google.co.uk/__cypress/runner/cypress_runner.js:5904:14)
From Your Spec Code:
    at Context.eval (webpack:///./cypress/google.spec.cy.js:7:11)]]></failure>
    </testcase>
  </testsuite>
</testsuites>